2024-03-15T10:34:15.271+05:30  INFO 11472 --- [quizapp] [main] com.Quiz.quizapp.QuizappApplication      : Starting QuizappApplication using Java 21.0.2 with PID 11472 (C:\Users\CT-D-011\Desktop\quizapp\target\classes started by CT-D-011 in C:\Users\CT-D-011\Desktop\quizapp)
2024-03-15T10:34:15.420+05:30  INFO 11472 --- [quizapp] [main] com.Quiz.quizapp.QuizappApplication      : No active profile set, falling back to 1 default profile: "default"
2024-03-15T10:34:17.357+05:30  INFO 11472 --- [quizapp] [main] .s.d.r.c.RepositoryConfigurationDelegate : Bootstrapping Spring Data JPA repositories in DEFAULT mode.
2024-03-15T10:34:17.483+05:30  INFO 11472 --- [quizapp] [main] .s.d.r.c.RepositoryConfigurationDelegate : Finished Spring Data repository scanning in 107 ms. Found 3 JPA repository interfaces.
2024-03-15T10:34:19.126+05:30  INFO 11472 --- [quizapp] [main] o.s.b.w.embedded.tomcat.TomcatWebServer  : Tomcat initialized with port 8080 (http)
2024-03-15T10:34:19.147+05:30  INFO 11472 --- [quizapp] [main] o.apache.catalina.core.StandardService   : Starting service [Tomcat]
2024-03-15T10:34:19.148+05:30  INFO 11472 --- [quizapp] [main] o.apache.catalina.core.StandardEngine    : Starting Servlet engine: [Apache Tomcat/10.1.19]
2024-03-15T10:34:19.269+05:30  INFO 11472 --- [quizapp] [main] o.a.c.c.C.[Tomcat].[localhost].[/]       : Initializing Spring embedded WebApplicationContext
2024-03-15T10:34:19.270+05:30  INFO 11472 --- [quizapp] [main] w.s.c.ServletWebServerApplicationContext : Root WebApplicationContext: initialization completed in 3677 ms
2024-03-15T10:34:19.772+05:30  INFO 11472 --- [quizapp] [main] o.hibernate.jpa.internal.util.LogHelper  : HHH000204: Processing PersistenceUnitInfo [name: default]
2024-03-15T10:34:19.863+05:30  INFO 11472 --- [quizapp] [main] org.hibernate.Version                    : HHH000412: Hibernate ORM core version 6.4.4.Final
2024-03-15T10:34:19.919+05:30  INFO 11472 --- [quizapp] [main] o.h.c.internal.RegionFactoryInitiator    : HHH000026: Second-level cache disabled
2024-03-15T10:34:20.362+05:30  INFO 11472 --- [quizapp] [main] o.s.o.j.p.SpringPersistenceUnitInfo      : No LoadTimeWeaver setup: ignoring JPA class transformer
2024-03-15T10:34:20.413+05:30  INFO 11472 --- [quizapp] [main] com.zaxxer.hikari.HikariDataSource       : HikariPool-1 - Starting...
2024-03-15T10:34:21.454+05:30  INFO 11472 --- [quizapp] [main] com.zaxxer.hikari.pool.HikariPool        : HikariPool-1 - Added connection com.mysql.cj.jdbc.ConnectionImpl@3f1158ee
2024-03-15T10:34:21.457+05:30  INFO 11472 --- [quizapp] [main] com.zaxxer.hikari.HikariDataSource       : HikariPool-1 - Start completed.
2024-03-15T10:34:21.742+05:30  WARN 11472 --- [quizapp] [main] org.hibernate.orm.deprecation            : HHH90000025: MySQLDialect does not need to be specified explicitly using 'hibernate.dialect' (remove the property setting and it will be selected by default)
2024-03-15T10:34:23.079+05:30  INFO 11472 --- [quizapp] [main] o.h.e.t.j.p.i.JtaPlatformInitiator       : HHH000489: No JTA platform available (set 'hibernate.transaction.jta.platform' to enable JTA platform integration)
2024-03-15T10:34:23.270+05:30  INFO 11472 --- [quizapp] [main] j.LocalContainerEntityManagerFactoryBean : Initialized JPA EntityManagerFactory for persistence unit 'default'
2024-03-15T10:34:24.040+05:30  INFO 11472 --- [quizapp] [main] o.s.d.j.r.query.QueryEnhancerFactory     : Hibernate is in classpath; If applicable, HQL parser will be used.
2024-03-15T10:34:24.226+05:30  WARN 11472 --- [quizapp] [main] JpaBaseConfiguration$JpaWebConfiguration : spring.jpa.open-in-view is enabled by default. Therefore, database queries may be performed during view rendering. Explicitly configure spring.jpa.open-in-view to disable this warning
2024-03-15T10:34:24.789+05:30  INFO 11472 --- [quizapp] [main] o.s.s.web.DefaultSecurityFilterChain     : Will secure any request with [org.springframework.security.web.session.DisableEncodeUrlFilter@6768dc74, org.springframework.security.web.context.request.async.WebAsyncManagerIntegrationFilter@31dbca5d, org.springframework.security.web.context.SecurityContextHolderFilter@431f8830, org.springframework.security.web.header.HeaderWriterFilter@6edb093f, org.springframework.web.filter.CorsFilter@40c92dfa, org.springframework.security.web.authentication.logout.LogoutFilter@3c98eaa9, org.springframework.security.web.authentication.www.BasicAuthenticationFilter@4e77f29e, org.springframework.security.web.savedrequest.RequestCacheAwareFilter@6805415d, org.springframework.security.web.servletapi.SecurityContextHolderAwareRequestFilter@870413c, org.springframework.security.web.authentication.AnonymousAuthenticationFilter@16b713dd, org.springframework.security.web.access.ExceptionTranslationFilter@773cc551, org.springframework.security.web.access.intercept.AuthorizationFilter@7236213e]
2024-03-15T10:34:25.200+05:30  INFO 11472 --- [quizapp] [main] o.s.b.w.embedded.tomcat.TomcatWebServer  : Tomcat started on port 8080 (http) with context path ''
2024-03-15T10:34:25.214+05:30  INFO 11472 --- [quizapp] [main] com.Quiz.quizapp.QuizappApplication      : Started QuizappApplication in 11.15 seconds (process running for 12.246)
2024-03-15T10:34:40.293+05:30  INFO 11472 --- [quizapp] [http-nio-8080-exec-2] o.a.c.c.C.[Tomcat].[localhost].[/]       : Initializing Spring DispatcherServlet 'dispatcherServlet'
2024-03-15T10:34:40.293+05:30  INFO 11472 --- [quizapp] [http-nio-8080-exec-2] o.s.web.servlet.DispatcherServlet        : Initializing Servlet 'dispatcherServlet'
2024-03-15T10:34:40.295+05:30  INFO 11472 --- [quizapp] [http-nio-8080-exec-2] o.s.web.servlet.DispatcherServlet        : Completed initialization in 2 ms
2024-03-15T10:34:50.558+05:30  INFO 11472 --- [quizapp] [http-nio-8080-exec-3] c.Q.q.A.ExecutionTimeTrackerAdvice       : Method Execution Start
2024-03-15T10:34:50.709+05:30  INFO 11472 --- [quizapp] [http-nio-8080-exec-3] c.Q.q.A.ExecutionTimeTrackerAdvice       : Method Execution Completed
2024-03-15T10:34:50.711+05:30  INFO 11472 --- [quizapp] [http-nio-8080-exec-3] c.Q.q.A.ExecutionTimeTrackerAdvice       : ResponseEntity com.Quiz.quizapp.services.QuizService.getQuizQuestions(Integer)
Method took time to execute ------>>>> 153 ms
2024-03-15T10:37:46.298+05:30  INFO 11472 --- [quizapp] [http-nio-8080-exec-7] c.Q.q.A.ExecutionTimeTrackerAdvice       : Method Execution Start
2024-03-15T10:37:46.817+05:30  INFO 11472 --- [quizapp] [http-nio-8080-exec-7] c.Q.q.A.ExecutionTimeTrackerAdvice       : Method Execution Completed
2024-03-15T10:37:46.818+05:30  INFO 11472 --- [quizapp] [http-nio-8080-exec-7] c.Q.q.A.ExecutionTimeTrackerAdvice       : ResponseEntity com.Quiz.quizapp.services.QuizService.createQuiz(String,int,String)
Method took time to execute ------>>>> 520 ms
2024-03-15T10:37:58.149+05:30  INFO 11472 --- [quizapp] [http-nio-8080-exec-8] c.Q.q.A.ExecutionTimeTrackerAdvice       : Method Execution Start
2024-03-15T10:37:58.914+05:30  INFO 11472 --- [quizapp] [http-nio-8080-exec-8] c.Q.q.A.ExecutionTimeTrackerAdvice       : Method Execution Completed
2024-03-15T10:37:58.915+05:30  INFO 11472 --- [quizapp] [http-nio-8080-exec-8] c.Q.q.A.ExecutionTimeTrackerAdvice       : ResponseEntity com.Quiz.quizapp.services.QuizService.createQuiz(String,int,String)
Method took time to execute ------>>>> 766 ms
2024-03-15T10:42:10.777+05:30  INFO 11472 --- [quizapp] [SpringApplicationShutdownHook] j.LocalContainerEntityManagerFactoryBean : Closing JPA EntityManagerFactory for persistence unit 'default'
2024-03-15T10:42:10.791+05:30  INFO 11472 --- [quizapp] [SpringApplicationShutdownHook] com.zaxxer.hikari.HikariDataSource       : HikariPool-1 - Shutdown initiated...
2024-03-15T10:42:10.837+05:30  INFO 11472 --- [quizapp] [SpringApplicationShutdownHook] com.zaxxer.hikari.HikariDataSource       : HikariPool-1 - Shutdown completed.
2024-03-15T10:42:18.144+05:30  INFO 17156 --- [quizapp] [main] com.Quiz.quizapp.QuizappApplication      : Starting QuizappApplication using Java 21.0.2 with PID 17156 (C:\Users\CT-D-011\Desktop\quizapp\target\classes started by CT-D-011 in C:\Users\CT-D-011\Desktop\quizapp)
2024-03-15T10:42:18.149+05:30  INFO 17156 --- [quizapp] [main] com.Quiz.quizapp.QuizappApplication      : No active profile set, falling back to 1 default profile: "default"
2024-03-15T10:42:19.545+05:30  INFO 17156 --- [quizapp] [main] .s.d.r.c.RepositoryConfigurationDelegate : Bootstrapping Spring Data JPA repositories in DEFAULT mode.
2024-03-15T10:42:19.685+05:30  INFO 17156 --- [quizapp] [main] .s.d.r.c.RepositoryConfigurationDelegate : Finished Spring Data repository scanning in 127 ms. Found 3 JPA repository interfaces.
2024-03-15T10:42:21.062+05:30  INFO 17156 --- [quizapp] [main] o.s.b.w.embedded.tomcat.TomcatWebServer  : Tomcat initialized with port 8080 (http)
2024-03-15T10:42:21.087+05:30  INFO 17156 --- [quizapp] [main] o.apache.catalina.core.StandardService   : Starting service [Tomcat]
2024-03-15T10:42:21.088+05:30  INFO 17156 --- [quizapp] [main] o.apache.catalina.core.StandardEngine    : Starting Servlet engine: [Apache Tomcat/10.1.19]
2024-03-15T10:42:21.226+05:30  INFO 17156 --- [quizapp] [main] o.a.c.c.C.[Tomcat].[localhost].[/]       : Initializing Spring embedded WebApplicationContext
2024-03-15T10:42:21.227+05:30  INFO 17156 --- [quizapp] [main] w.s.c.ServletWebServerApplicationContext : Root WebApplicationContext: initialization completed in 2973 ms
2024-03-15T10:42:21.608+05:30  INFO 17156 --- [quizapp] [main] o.hibernate.jpa.internal.util.LogHelper  : HHH000204: Processing PersistenceUnitInfo [name: default]
2024-03-15T10:42:21.745+05:30  INFO 17156 --- [quizapp] [main] org.hibernate.Version                    : HHH000412: Hibernate ORM core version 6.4.4.Final
2024-03-15T10:42:21.810+05:30  INFO 17156 --- [quizapp] [main] o.h.c.internal.RegionFactoryInitiator    : HHH000026: Second-level cache disabled
2024-03-15T10:42:22.224+05:30  INFO 17156 --- [quizapp] [main] o.s.o.j.p.SpringPersistenceUnitInfo      : No LoadTimeWeaver setup: ignoring JPA class transformer
2024-03-15T10:42:22.271+05:30  INFO 17156 --- [quizapp] [main] com.zaxxer.hikari.HikariDataSource       : HikariPool-1 - Starting...
2024-03-15T10:42:22.879+05:30  INFO 17156 --- [quizapp] [main] com.zaxxer.hikari.pool.HikariPool        : HikariPool-1 - Added connection com.mysql.cj.jdbc.ConnectionImpl@5403431a
2024-03-15T10:42:22.883+05:30  INFO 17156 --- [quizapp] [main] com.zaxxer.hikari.HikariDataSource       : HikariPool-1 - Start completed.
2024-03-15T10:42:23.143+05:30  WARN 17156 --- [quizapp] [main] org.hibernate.orm.deprecation            : HHH90000025: MySQLDialect does not need to be specified explicitly using 'hibernate.dialect' (remove the property setting and it will be selected by default)
2024-03-15T10:42:24.366+05:30  INFO 17156 --- [quizapp] [main] o.h.e.t.j.p.i.JtaPlatformInitiator       : HHH000489: No JTA platform available (set 'hibernate.transaction.jta.platform' to enable JTA platform integration)
2024-03-15T10:42:24.523+05:30  INFO 17156 --- [quizapp] [main] j.LocalContainerEntityManagerFactoryBean : Initialized JPA EntityManagerFactory for persistence unit 'default'
2024-03-15T10:42:25.182+05:30  INFO 17156 --- [quizapp] [main] o.s.d.j.r.query.QueryEnhancerFactory     : Hibernate is in classpath; If applicable, HQL parser will be used.
2024-03-15T10:42:25.322+05:30  WARN 17156 --- [quizapp] [main] JpaBaseConfiguration$JpaWebConfiguration : spring.jpa.open-in-view is enabled by default. Therefore, database queries may be performed during view rendering. Explicitly configure spring.jpa.open-in-view to disable this warning
2024-03-15T10:42:26.026+05:30  INFO 17156 --- [quizapp] [main] o.s.s.web.DefaultSecurityFilterChain     : Will secure any request with [org.springframework.security.web.session.DisableEncodeUrlFilter@1930e8ef, org.springframework.security.web.context.request.async.WebAsyncManagerIntegrationFilter@1299fed3, org.springframework.security.web.context.SecurityContextHolderFilter@51c15508, org.springframework.security.web.header.HeaderWriterFilter@88e85a, org.springframework.web.filter.CorsFilter@69af938b, org.springframework.security.web.authentication.logout.LogoutFilter@12bb8943, org.springframework.security.web.authentication.www.BasicAuthenticationFilter@3c98eaa9, org.springframework.security.web.savedrequest.RequestCacheAwareFilter@5b977aaa, org.springframework.security.web.servletapi.SecurityContextHolderAwareRequestFilter@5bed8b91, org.springframework.security.web.authentication.AnonymousAuthenticationFilter@4cb87009, org.springframework.security.web.access.ExceptionTranslationFilter@7e4bbda4, org.springframework.security.web.access.intercept.AuthorizationFilter@2446597e]
2024-03-15T10:42:26.404+05:30  INFO 17156 --- [quizapp] [main] o.s.b.w.embedded.tomcat.TomcatWebServer  : Tomcat started on port 8080 (http) with context path ''
2024-03-15T10:42:26.417+05:30  INFO 17156 --- [quizapp] [main] com.Quiz.quizapp.QuizappApplication      : Started QuizappApplication in 9.208 seconds (process running for 9.95)
2024-03-15T10:42:39.966+05:30  INFO 17156 --- [quizapp] [http-nio-8080-exec-2] o.a.c.c.C.[Tomcat].[localhost].[/]       : Initializing Spring DispatcherServlet 'dispatcherServlet'
2024-03-15T10:42:39.967+05:30  INFO 17156 --- [quizapp] [http-nio-8080-exec-2] o.s.web.servlet.DispatcherServlet        : Initializing Servlet 'dispatcherServlet'
2024-03-15T10:42:39.968+05:30  INFO 17156 --- [quizapp] [http-nio-8080-exec-2] o.s.web.servlet.DispatcherServlet        : Completed initialization in 1 ms
2024-03-15T10:42:40.413+05:30  WARN 17156 --- [quizapp] [http-nio-8080-exec-2] .w.s.m.s.DefaultHandlerExceptionResolver : Resolved [org.springframework.web.HttpRequestMethodNotSupportedException: Request method 'POST' is not supported]
2024-03-15T10:43:25.392+05:30  INFO 17156 --- [quizapp] [SpringApplicationShutdownHook] j.LocalContainerEntityManagerFactoryBean : Closing JPA EntityManagerFactory for persistence unit 'default'
2024-03-15T10:43:25.397+05:30  INFO 17156 --- [quizapp] [SpringApplicationShutdownHook] com.zaxxer.hikari.HikariDataSource       : HikariPool-1 - Shutdown initiated...
2024-03-15T10:43:25.413+05:30  INFO 17156 --- [quizapp] [SpringApplicationShutdownHook] com.zaxxer.hikari.HikariDataSource       : HikariPool-1 - Shutdown completed.
2024-03-15T10:48:44.461+05:30  INFO 10444 --- [quizapp] [main] com.Quiz.quizapp.QuizappApplication      : Starting QuizappApplication using Java 21.0.2 with PID 10444 (C:\Users\CT-D-011\Desktop\quizapp\target\classes started by CT-D-011 in C:\Users\CT-D-011\Desktop\quizapp)
2024-03-15T10:48:44.464+05:30  INFO 10444 --- [quizapp] [main] com.Quiz.quizapp.QuizappApplication      : No active profile set, falling back to 1 default profile: "default"
2024-03-15T10:48:45.884+05:30  INFO 10444 --- [quizapp] [main] .s.d.r.c.RepositoryConfigurationDelegate : Bootstrapping Spring Data JPA repositories in DEFAULT mode.
2024-03-15T10:48:46.038+05:30  INFO 10444 --- [quizapp] [main] .s.d.r.c.RepositoryConfigurationDelegate : Finished Spring Data repository scanning in 128 ms. Found 3 JPA repository interfaces.
2024-03-15T10:48:47.415+05:30  INFO 10444 --- [quizapp] [main] o.s.b.w.embedded.tomcat.TomcatWebServer  : Tomcat initialized with port 8080 (http)
2024-03-15T10:48:47.439+05:30  INFO 10444 --- [quizapp] [main] o.apache.catalina.core.StandardService   : Starting service [Tomcat]
2024-03-15T10:48:47.439+05:30  INFO 10444 --- [quizapp] [main] o.apache.catalina.core.StandardEngine    : Starting Servlet engine: [Apache Tomcat/10.1.19]
2024-03-15T10:48:47.551+05:30  INFO 10444 --- [quizapp] [main] o.a.c.c.C.[Tomcat].[localhost].[/]       : Initializing Spring embedded WebApplicationContext
2024-03-15T10:48:47.552+05:30  INFO 10444 --- [quizapp] [main] w.s.c.ServletWebServerApplicationContext : Root WebApplicationContext: initialization completed in 2978 ms
2024-03-15T10:48:47.913+05:30  INFO 10444 --- [quizapp] [main] o.hibernate.jpa.internal.util.LogHelper  : HHH000204: Processing PersistenceUnitInfo [name: default]
2024-03-15T10:48:48.018+05:30  INFO 10444 --- [quizapp] [main] org.hibernate.Version                    : HHH000412: Hibernate ORM core version 6.4.4.Final
2024-03-15T10:48:48.078+05:30  INFO 10444 --- [quizapp] [main] o.h.c.internal.RegionFactoryInitiator    : HHH000026: Second-level cache disabled
2024-03-15T10:48:48.552+05:30  INFO 10444 --- [quizapp] [main] o.s.o.j.p.SpringPersistenceUnitInfo      : No LoadTimeWeaver setup: ignoring JPA class transformer
2024-03-15T10:48:48.595+05:30  INFO 10444 --- [quizapp] [main] com.zaxxer.hikari.HikariDataSource       : HikariPool-1 - Starting...
2024-03-15T10:48:49.078+05:30  INFO 10444 --- [quizapp] [main] com.zaxxer.hikari.pool.HikariPool        : HikariPool-1 - Added connection com.mysql.cj.jdbc.ConnectionImpl@5403431a
2024-03-15T10:48:49.082+05:30  INFO 10444 --- [quizapp] [main] com.zaxxer.hikari.HikariDataSource       : HikariPool-1 - Start completed.
2024-03-15T10:48:49.195+05:30  WARN 10444 --- [quizapp] [main] org.hibernate.orm.deprecation            : HHH90000025: MySQLDialect does not need to be specified explicitly using 'hibernate.dialect' (remove the property setting and it will be selected by default)
2024-03-15T10:48:50.488+05:30  INFO 10444 --- [quizapp] [main] o.h.e.t.j.p.i.JtaPlatformInitiator       : HHH000489: No JTA platform available (set 'hibernate.transaction.jta.platform' to enable JTA platform integration)
2024-03-15T10:48:50.647+05:30  INFO 10444 --- [quizapp] [main] j.LocalContainerEntityManagerFactoryBean : Initialized JPA EntityManagerFactory for persistence unit 'default'
2024-03-15T10:48:51.301+05:30  INFO 10444 --- [quizapp] [main] o.s.d.j.r.query.QueryEnhancerFactory     : Hibernate is in classpath; If applicable, HQL parser will be used.
2024-03-15T10:48:51.441+05:30  WARN 10444 --- [quizapp] [main] JpaBaseConfiguration$JpaWebConfiguration : spring.jpa.open-in-view is enabled by default. Therefore, database queries may be performed during view rendering. Explicitly configure spring.jpa.open-in-view to disable this warning
2024-03-15T10:48:51.926+05:30  INFO 10444 --- [quizapp] [main] o.s.s.web.DefaultSecurityFilterChain     : Will secure any request with [org.springframework.security.web.session.DisableEncodeUrlFilter@3c98eaa9, org.springframework.security.web.context.request.async.WebAsyncManagerIntegrationFilter@2d91147b, org.springframework.security.web.context.SecurityContextHolderFilter@230dd372, org.springframework.security.web.header.HeaderWriterFilter@2eed6331, org.springframework.web.filter.CorsFilter@1930e8ef, org.springframework.security.web.authentication.logout.LogoutFilter@55a2ca5e, org.springframework.security.web.authentication.www.BasicAuthenticationFilter@2d732cda, org.springframework.security.web.savedrequest.RequestCacheAwareFilter@51c15508, org.springframework.security.web.servletapi.SecurityContextHolderAwareRequestFilter@164cad52, org.springframework.security.web.authentication.AnonymousAuthenticationFilter@1299fed3, org.springframework.security.web.access.ExceptionTranslationFilter@2ec258f1, org.springframework.security.web.access.intercept.AuthorizationFilter@7a91027c]
2024-03-15T10:48:52.296+05:30  INFO 10444 --- [quizapp] [main] o.s.b.w.embedded.tomcat.TomcatWebServer  : Tomcat started on port 8080 (http) with context path ''
2024-03-15T10:48:52.308+05:30  INFO 10444 --- [quizapp] [main] com.Quiz.quizapp.QuizappApplication      : Started QuizappApplication in 8.624 seconds (process running for 9.354)
2024-03-15T10:48:56.529+05:30  INFO 10444 --- [quizapp] [http-nio-8080-exec-1] o.a.c.c.C.[Tomcat].[localhost].[/]       : Initializing Spring DispatcherServlet 'dispatcherServlet'
2024-03-15T10:48:56.530+05:30  INFO 10444 --- [quizapp] [http-nio-8080-exec-1] o.s.web.servlet.DispatcherServlet        : Initializing Servlet 'dispatcherServlet'
2024-03-15T10:48:56.531+05:30  INFO 10444 --- [quizapp] [http-nio-8080-exec-1] o.s.web.servlet.DispatcherServlet        : Completed initialization in 1 ms
2024-03-15T10:48:57.099+05:30  WARN 10444 --- [quizapp] [http-nio-8080-exec-1] .w.s.m.s.DefaultHandlerExceptionResolver : Resolved [org.springframework.web.HttpRequestMethodNotSupportedException: Request method 'POST' is not supported]
2024-03-15T10:50:22.435+05:30  INFO 10444 --- [quizapp] [SpringApplicationShutdownHook] j.LocalContainerEntityManagerFactoryBean : Closing JPA EntityManagerFactory for persistence unit 'default'
2024-03-15T10:50:22.438+05:30  INFO 10444 --- [quizapp] [SpringApplicationShutdownHook] com.zaxxer.hikari.HikariDataSource       : HikariPool-1 - Shutdown initiated...
2024-03-15T10:50:22.453+05:30  INFO 10444 --- [quizapp] [SpringApplicationShutdownHook] com.zaxxer.hikari.HikariDataSource       : HikariPool-1 - Shutdown completed.
2024-03-15T10:52:55.023+05:30  INFO 11680 --- [quizapp] [main] com.Quiz.quizapp.QuizappApplication      : Starting QuizappApplication using Java 21.0.2 with PID 11680 (C:\Users\CT-D-011\Desktop\quizapp\target\classes started by CT-D-011 in C:\Users\CT-D-011\Desktop\quizapp)
2024-03-15T10:52:55.026+05:30  INFO 11680 --- [quizapp] [main] com.Quiz.quizapp.QuizappApplication      : No active profile set, falling back to 1 default profile: "default"
2024-03-15T10:52:56.307+05:30  INFO 11680 --- [quizapp] [main] .s.d.r.c.RepositoryConfigurationDelegate : Bootstrapping Spring Data JPA repositories in DEFAULT mode.
2024-03-15T10:52:56.460+05:30  INFO 11680 --- [quizapp] [main] .s.d.r.c.RepositoryConfigurationDelegate : Finished Spring Data repository scanning in 136 ms. Found 3 JPA repository interfaces.
2024-03-15T10:52:57.810+05:30  INFO 11680 --- [quizapp] [main] o.s.b.w.embedded.tomcat.TomcatWebServer  : Tomcat initialized with port 8080 (http)
2024-03-15T10:52:57.833+05:30  INFO 11680 --- [quizapp] [main] o.apache.catalina.core.StandardService   : Starting service [Tomcat]
2024-03-15T10:52:57.834+05:30  INFO 11680 --- [quizapp] [main] o.apache.catalina.core.StandardEngine    : Starting Servlet engine: [Apache Tomcat/10.1.19]
2024-03-15T10:52:57.945+05:30  INFO 11680 --- [quizapp] [main] o.a.c.c.C.[Tomcat].[localhost].[/]       : Initializing Spring embedded WebApplicationContext
2024-03-15T10:52:57.947+05:30  INFO 11680 --- [quizapp] [main] w.s.c.ServletWebServerApplicationContext : Root WebApplicationContext: initialization completed in 2826 ms
2024-03-15T10:52:58.388+05:30  INFO 11680 --- [quizapp] [main] o.hibernate.jpa.internal.util.LogHelper  : HHH000204: Processing PersistenceUnitInfo [name: default]
2024-03-15T10:52:58.486+05:30  INFO 11680 --- [quizapp] [main] org.hibernate.Version                    : HHH000412: Hibernate ORM core version 6.4.4.Final
2024-03-15T10:52:58.556+05:30  INFO 11680 --- [quizapp] [main] o.h.c.internal.RegionFactoryInitiator    : HHH000026: Second-level cache disabled
2024-03-15T10:52:59.004+05:30  INFO 11680 --- [quizapp] [main] o.s.o.j.p.SpringPersistenceUnitInfo      : No LoadTimeWeaver setup: ignoring JPA class transformer
2024-03-15T10:52:59.056+05:30  INFO 11680 --- [quizapp] [main] com.zaxxer.hikari.HikariDataSource       : HikariPool-1 - Starting...
2024-03-15T10:52:59.586+05:30  INFO 11680 --- [quizapp] [main] com.zaxxer.hikari.pool.HikariPool        : HikariPool-1 - Added connection com.mysql.cj.jdbc.ConnectionImpl@763b0996
2024-03-15T10:52:59.590+05:30  INFO 11680 --- [quizapp] [main] com.zaxxer.hikari.HikariDataSource       : HikariPool-1 - Start completed.
2024-03-15T10:52:59.696+05:30  WARN 11680 --- [quizapp] [main] org.hibernate.orm.deprecation            : HHH90000025: MySQLDialect does not need to be specified explicitly using 'hibernate.dialect' (remove the property setting and it will be selected by default)
2024-03-15T10:53:00.963+05:30  INFO 11680 --- [quizapp] [main] o.h.e.t.j.p.i.JtaPlatformInitiator       : HHH000489: No JTA platform available (set 'hibernate.transaction.jta.platform' to enable JTA platform integration)
2024-03-15T10:53:01.076+05:30  INFO 11680 --- [quizapp] [main] j.LocalContainerEntityManagerFactoryBean : Initialized JPA EntityManagerFactory for persistence unit 'default'
2024-03-15T10:53:01.720+05:30  INFO 11680 --- [quizapp] [main] o.s.d.j.r.query.QueryEnhancerFactory     : Hibernate is in classpath; If applicable, HQL parser will be used.
2024-03-15T10:53:01.864+05:30  WARN 11680 --- [quizapp] [main] JpaBaseConfiguration$JpaWebConfiguration : spring.jpa.open-in-view is enabled by default. Therefore, database queries may be performed during view rendering. Explicitly configure spring.jpa.open-in-view to disable this warning
2024-03-15T10:53:02.350+05:30  INFO 11680 --- [quizapp] [main] o.s.s.web.DefaultSecurityFilterChain     : Will secure any request with [org.springframework.security.web.session.DisableEncodeUrlFilter@1930e8ef, org.springframework.security.web.context.request.async.WebAsyncManagerIntegrationFilter@1299fed3, org.springframework.security.web.context.SecurityContextHolderFilter@51c15508, org.springframework.security.web.header.HeaderWriterFilter@88e85a, org.springframework.web.filter.CorsFilter@69af938b, org.springframework.security.web.authentication.logout.LogoutFilter@12bb8943, org.springframework.security.web.authentication.www.BasicAuthenticationFilter@3c98eaa9, org.springframework.security.web.savedrequest.RequestCacheAwareFilter@5b977aaa, org.springframework.security.web.servletapi.SecurityContextHolderAwareRequestFilter@5bed8b91, org.springframework.security.web.authentication.AnonymousAuthenticationFilter@4cb87009, org.springframework.security.web.access.ExceptionTranslationFilter@7e4bbda4, org.springframework.security.web.access.intercept.AuthorizationFilter@2446597e]
2024-03-15T10:53:02.754+05:30  INFO 11680 --- [quizapp] [main] o.s.b.w.embedded.tomcat.TomcatWebServer  : Tomcat started on port 8080 (http) with context path ''
2024-03-15T10:53:02.767+05:30  INFO 11680 --- [quizapp] [main] com.Quiz.quizapp.QuizappApplication      : Started QuizappApplication in 8.47 seconds (process running for 9.254)
2024-03-15T10:53:07.446+05:30  INFO 11680 --- [quizapp] [http-nio-8080-exec-1] o.a.c.c.C.[Tomcat].[localhost].[/]       : Initializing Spring DispatcherServlet 'dispatcherServlet'
2024-03-15T10:53:07.446+05:30  INFO 11680 --- [quizapp] [http-nio-8080-exec-1] o.s.web.servlet.DispatcherServlet        : Initializing Servlet 'dispatcherServlet'
2024-03-15T10:53:07.449+05:30  INFO 11680 --- [quizapp] [http-nio-8080-exec-1] o.s.web.servlet.DispatcherServlet        : Completed initialization in 2 ms
2024-03-15T10:53:16.880+05:30  INFO 11680 --- [quizapp] [http-nio-8080-exec-3] c.Q.q.A.ExecutionTimeTrackerAdvice       : Method Execution Start
2024-03-15T10:53:17.092+05:30  INFO 11680 --- [quizapp] [http-nio-8080-exec-3] c.Q.q.A.ExecutionTimeTrackerAdvice       : Method Execution Completed
2024-03-15T10:53:17.101+05:30  INFO 11680 --- [quizapp] [http-nio-8080-exec-3] c.Q.q.A.ExecutionTimeTrackerAdvice       : ResponseEntity com.Quiz.quizapp.services.QuizService.createQuiz(String,int,String)
Method took time to execute ------>>>> 213 ms
2024-03-15T10:53:40.018+05:30  INFO 11680 --- [quizapp] [http-nio-8080-exec-4] c.Q.q.A.ExecutionTimeTrackerAdvice       : Method Execution Start
2024-03-15T10:53:40.039+05:30  INFO 11680 --- [quizapp] [http-nio-8080-exec-4] c.Q.q.A.ExecutionTimeTrackerAdvice       : Method Execution Completed
2024-03-15T10:53:40.040+05:30  INFO 11680 --- [quizapp] [http-nio-8080-exec-4] c.Q.q.A.ExecutionTimeTrackerAdvice       : ResponseEntity com.Quiz.quizapp.services.QuizService.getQuizQuestionsAdmin(Integer)
Method took time to execute ------>>>> 21 ms
2024-03-15T10:54:06.978+05:30  INFO 11680 --- [quizapp] [http-nio-8080-exec-5] c.Q.q.A.ExecutionTimeTrackerAdvice       : Method Execution Start
2024-03-15T10:54:06.983+05:30  INFO 11680 --- [quizapp] [http-nio-8080-exec-5] c.Q.q.A.ExecutionTimeTrackerAdvice       : Method Execution Completed
2024-03-15T10:54:06.984+05:30  INFO 11680 --- [quizapp] [http-nio-8080-exec-5] c.Q.q.A.ExecutionTimeTrackerAdvice       : ResponseEntity com.Quiz.quizapp.services.QuizService.getQuizQuestionsAdmin(Integer)
Method took time to execute ------>>>> 6 ms
2024-03-15T10:55:07.761+05:30  WARN 11680 --- [quizapp] [http-nio-8080-exec-8] .w.s.m.s.DefaultHandlerExceptionResolver : Resolved [org.springframework.web.HttpRequestMethodNotSupportedException: Request method 'GET' is not supported]
2024-03-15T10:55:18.418+05:30  WARN 11680 --- [quizapp] [http-nio-8080-exec-9] .w.s.m.s.DefaultHandlerExceptionResolver : Resolved [org.springframework.web.HttpRequestMethodNotSupportedException: Request method 'GET' is not supported]
2024-03-15T10:55:28.276+05:30  INFO 11680 --- [quizapp] [http-nio-8080-exec-10] c.Q.q.A.ExecutionTimeTrackerAdvice       : Method Execution Start
2024-03-15T10:55:28.365+05:30  INFO 11680 --- [quizapp] [http-nio-8080-exec-10] c.Q.q.A.ExecutionTimeTrackerAdvice       : Method Execution Completed
2024-03-15T10:55:28.366+05:30  INFO 11680 --- [quizapp] [http-nio-8080-exec-10] c.Q.q.A.ExecutionTimeTrackerAdvice       : ResponseEntity com.Quiz.quizapp.services.QuizService.createQuiz(String,int,String)
Method took time to execute ------>>>> 90 ms
2024-03-15T10:55:49.580+05:30  INFO 11680 --- [quizapp] [http-nio-8080-exec-2] c.Q.q.A.ExecutionTimeTrackerAdvice       : Method Execution Start
2024-03-15T10:55:49.584+05:30  INFO 11680 --- [quizapp] [http-nio-8080-exec-2] c.Q.q.A.ExecutionTimeTrackerAdvice       : Method Execution Completed
2024-03-15T10:55:49.584+05:30  INFO 11680 --- [quizapp] [http-nio-8080-exec-2] c.Q.q.A.ExecutionTimeTrackerAdvice       : ResponseEntity com.Quiz.quizapp.services.QuizService.getQuizQuestionsAdmin(Integer)
Method took time to execute ------>>>> 4 ms
2024-03-15T10:56:24.353+05:30  INFO 11680 --- [quizapp] [http-nio-8080-exec-1] c.Q.q.A.ExecutionTimeTrackerAdvice       : Method Execution Start
2024-03-15T10:56:24.359+05:30 ERROR 11680 --- [quizapp] [http-nio-8080-exec-1] o.a.c.c.C.[.[.[/].[dispatcherServlet]    : Servlet.service() for servlet [dispatcherServlet] in context with path [] threw exception [Request processing failed: java.util.NoSuchElementException: No value present] with root cause

java.util.NoSuchElementException: No value present
	at java.base/java.util.Optional.get(Optional.java:143) ~[na:na]
	at com.Quiz.quizapp.services.QuizService.getQuizQuestionsAdmin(QuizService.java:86) ~[classes/:na]
	at java.base/jdk.internal.reflect.DirectMethodHandleAccessor.invoke(DirectMethodHandleAccessor.java:103) ~[na:na]
	at java.base/java.lang.reflect.Method.invoke(Method.java:580) ~[na:na]
	at org.springframework.aop.support.AopUtils.invokeJoinpointUsingReflection(AopUtils.java:351) ~[spring-aop-6.1.4.jar:6.1.4]
	at org.springframework.aop.framework.ReflectiveMethodInvocation.invokeJoinpoint(ReflectiveMethodInvocation.java:196) ~[spring-aop-6.1.4.jar:6.1.4]
	at org.springframework.aop.framework.ReflectiveMethodInvocation.proceed(ReflectiveMethodInvocation.java:163) ~[spring-aop-6.1.4.jar:6.1.4]
	at org.springframework.aop.framework.CglibAopProxy$CglibMethodInvocation.proceed(CglibAopProxy.java:765) ~[spring-aop-6.1.4.jar:6.1.4]
	at org.springframework.aop.aspectj.MethodInvocationProceedingJoinPoint.proceed(MethodInvocationProceedingJoinPoint.java:89) ~[spring-aop-6.1.4.jar:6.1.4]
	at com.Quiz.quizapp.Aspects.ExecutionTimeTrackerAdvice.profile(ExecutionTimeTrackerAdvice.java:21) ~[classes/:na]
	at java.base/jdk.internal.reflect.DirectMethodHandleAccessor.invoke(DirectMethodHandleAccessor.java:103) ~[na:na]
	at java.base/java.lang.reflect.Method.invoke(Method.java:580) ~[na:na]
	at org.springframework.aop.aspectj.AbstractAspectJAdvice.invokeAdviceMethodWithGivenArgs(AbstractAspectJAdvice.java:637) ~[spring-aop-6.1.4.jar:6.1.4]
	at org.springframework.aop.aspectj.AbstractAspectJAdvice.invokeAdviceMethod(AbstractAspectJAdvice.java:627) ~[spring-aop-6.1.4.jar:6.1.4]
	at org.springframework.aop.aspectj.AspectJAroundAdvice.invoke(AspectJAroundAdvice.java:71) ~[spring-aop-6.1.4.jar:6.1.4]
	at org.springframework.aop.framework.ReflectiveMethodInvocation.proceed(ReflectiveMethodInvocation.java:173) ~[spring-aop-6.1.4.jar:6.1.4]
	at org.springframework.aop.framework.CglibAopProxy$CglibMethodInvocation.proceed(CglibAopProxy.java:765) ~[spring-aop-6.1.4.jar:6.1.4]
	at org.springframework.aop.interceptor.ExposeInvocationInterceptor.invoke(ExposeInvocationInterceptor.java:97) ~[spring-aop-6.1.4.jar:6.1.4]
	at org.springframework.aop.framework.ReflectiveMethodInvocation.proceed(ReflectiveMethodInvocation.java:184) ~[spring-aop-6.1.4.jar:6.1.4]
	at org.springframework.aop.framework.CglibAopProxy$CglibMethodInvocation.proceed(CglibAopProxy.java:765) ~[spring-aop-6.1.4.jar:6.1.4]
	at org.springframework.aop.framework.CglibAopProxy$DynamicAdvisedInterceptor.intercept(CglibAopProxy.java:717) ~[spring-aop-6.1.4.jar:6.1.4]
	at com.Quiz.quizapp.services.QuizService$$SpringCGLIB$$0.getQuizQuestionsAdmin(<generated>) ~[classes/:na]
	at com.Quiz.quizapp.controller.QuizController.getQuizQuestions(QuizController.java:27) ~[classes/:na]
	at java.base/jdk.internal.reflect.DirectMethodHandleAccessor.invoke(DirectMethodHandleAccessor.java:103) ~[na:na]
	at java.base/java.lang.reflect.Method.invoke(Method.java:580) ~[na:na]
	at org.springframework.web.method.support.InvocableHandlerMethod.doInvoke(InvocableHandlerMethod.java:259) ~[spring-web-6.1.4.jar:6.1.4]
	at org.springframework.web.method.support.InvocableHandlerMethod.invokeForRequest(InvocableHandlerMethod.java:192) ~[spring-web-6.1.4.jar:6.1.4]
	at org.springframework.web.servlet.mvc.method.annotation.ServletInvocableHandlerMethod.invokeAndHandle(ServletInvocableHandlerMethod.java:118) ~[spring-webmvc-6.1.4.jar:6.1.4]
	at org.springframework.web.servlet.mvc.method.annotation.RequestMappingHandlerAdapter.invokeHandlerMethod(RequestMappingHandlerAdapter.java:920) ~[spring-webmvc-6.1.4.jar:6.1.4]
	at org.springframework.web.servlet.mvc.method.annotation.RequestMappingHandlerAdapter.handleInternal(RequestMappingHandlerAdapter.java:830) ~[spring-webmvc-6.1.4.jar:6.1.4]
	at org.springframework.web.servlet.mvc.method.AbstractHandlerMethodAdapter.handle(AbstractHandlerMethodAdapter.java:87) ~[spring-webmvc-6.1.4.jar:6.1.4]
	at org.springframework.web.servlet.DispatcherServlet.doDispatch(DispatcherServlet.java:1089) ~[spring-webmvc-6.1.4.jar:6.1.4]
	at org.springframework.web.servlet.DispatcherServlet.doService(DispatcherServlet.java:979) ~[spring-webmvc-6.1.4.jar:6.1.4]
	at org.springframework.web.servlet.FrameworkServlet.processRequest(FrameworkServlet.java:1014) ~[spring-webmvc-6.1.4.jar:6.1.4]
	at org.springframework.web.servlet.FrameworkServlet.doGet(FrameworkServlet.java:903) ~[spring-webmvc-6.1.4.jar:6.1.4]
	at jakarta.servlet.http.HttpServlet.service(HttpServlet.java:564) ~[tomcat-embed-core-10.1.19.jar:6.0]
	at org.springframework.web.servlet.FrameworkServlet.service(FrameworkServlet.java:885) ~[spring-webmvc-6.1.4.jar:6.1.4]
	at jakarta.servlet.http.HttpServlet.service(HttpServlet.java:658) ~[tomcat-embed-core-10.1.19.jar:6.0]
	at org.apache.catalina.core.ApplicationFilterChain.internalDoFilter(ApplicationFilterChain.java:205) ~[tomcat-embed-core-10.1.19.jar:10.1.19]
	at org.apache.catalina.core.ApplicationFilterChain.doFilter(ApplicationFilterChain.java:149) ~[tomcat-embed-core-10.1.19.jar:10.1.19]
	at org.apache.tomcat.websocket.server.WsFilter.doFilter(WsFilter.java:51) ~[tomcat-embed-websocket-10.1.19.jar:10.1.19]
	at org.apache.catalina.core.ApplicationFilterChain.internalDoFilter(ApplicationFilterChain.java:174) ~[tomcat-embed-core-10.1.19.jar:10.1.19]
	at org.apache.catalina.core.ApplicationFilterChain.doFilter(ApplicationFilterChain.java:149) ~[tomcat-embed-core-10.1.19.jar:10.1.19]
	at org.springframework.web.filter.CompositeFilter$VirtualFilterChain.doFilter(CompositeFilter.java:108) ~[spring-web-6.1.4.jar:6.1.4]
	at org.springframework.security.web.FilterChainProxy.lambda$doFilterInternal$3(FilterChainProxy.java:231) ~[spring-security-web-6.2.2.jar:6.2.2]
	at org.springframework.security.web.FilterChainProxy$VirtualFilterChain.doFilter(FilterChainProxy.java:365) ~[spring-security-web-6.2.2.jar:6.2.2]
	at org.springframework.security.web.access.intercept.AuthorizationFilter.doFilter(AuthorizationFilter.java:100) ~[spring-security-web-6.2.2.jar:6.2.2]
	at org.springframework.security.web.FilterChainProxy$VirtualFilterChain.doFilter(FilterChainProxy.java:374) ~[spring-security-web-6.2.2.jar:6.2.2]
	at org.springframework.security.web.access.ExceptionTranslationFilter.doFilter(ExceptionTranslationFilter.java:126) ~[spring-security-web-6.2.2.jar:6.2.2]
	at org.springframework.security.web.access.ExceptionTranslationFilter.doFilter(ExceptionTranslationFilter.java:120) ~[spring-security-web-6.2.2.jar:6.2.2]
	at org.springframework.security.web.FilterChainProxy$VirtualFilterChain.doFilter(FilterChainProxy.java:374) ~[spring-security-web-6.2.2.jar:6.2.2]
	at org.springframework.security.web.authentication.AnonymousAuthenticationFilter.doFilter(AnonymousAuthenticationFilter.java:100) ~[spring-security-web-6.2.2.jar:6.2.2]
	at org.springframework.security.web.FilterChainProxy$VirtualFilterChain.doFilter(FilterChainProxy.java:374) ~[spring-security-web-6.2.2.jar:6.2.2]
	at org.springframework.security.web.servletapi.SecurityContextHolderAwareRequestFilter.doFilter(SecurityContextHolderAwareRequestFilter.java:179) ~[spring-security-web-6.2.2.jar:6.2.2]
	at org.springframework.security.web.FilterChainProxy$VirtualFilterChain.doFilter(FilterChainProxy.java:374) ~[spring-security-web-6.2.2.jar:6.2.2]
	at org.springframework.security.web.savedrequest.RequestCacheAwareFilter.doFilter(RequestCacheAwareFilter.java:63) ~[spring-security-web-6.2.2.jar:6.2.2]
	at org.springframework.security.web.FilterChainProxy$VirtualFilterChain.doFilter(FilterChainProxy.java:374) ~[spring-security-web-6.2.2.jar:6.2.2]
	at org.springframework.security.web.authentication.www.BasicAuthenticationFilter.doFilterInternal(BasicAuthenticationFilter.java:213) ~[spring-security-web-6.2.2.jar:6.2.2]
	at org.springframework.web.filter.OncePerRequestFilter.doFilter(OncePerRequestFilter.java:116) ~[spring-web-6.1.4.jar:6.1.4]
	at org.springframework.security.web.FilterChainProxy$VirtualFilterChain.doFilter(FilterChainProxy.java:374) ~[spring-security-web-6.2.2.jar:6.2.2]
	at org.springframework.security.web.authentication.logout.LogoutFilter.doFilter(LogoutFilter.java:107) ~[spring-security-web-6.2.2.jar:6.2.2]
	at org.springframework.security.web.authentication.logout.LogoutFilter.doFilter(LogoutFilter.java:93) ~[spring-security-web-6.2.2.jar:6.2.2]
	at org.springframework.security.web.FilterChainProxy$VirtualFilterChain.doFilter(FilterChainProxy.java:374) ~[spring-security-web-6.2.2.jar:6.2.2]
	at org.springframework.web.filter.CorsFilter.doFilterInternal(CorsFilter.java:91) ~[spring-web-6.1.4.jar:6.1.4]
	at org.springframework.web.filter.OncePerRequestFilter.doFilter(OncePerRequestFilter.java:116) ~[spring-web-6.1.4.jar:6.1.4]
	at org.springframework.security.web.FilterChainProxy$VirtualFilterChain.doFilter(FilterChainProxy.java:374) ~[spring-security-web-6.2.2.jar:6.2.2]
	at org.springframework.security.web.header.HeaderWriterFilter.doHeadersAfter(HeaderWriterFilter.java:90) ~[spring-security-web-6.2.2.jar:6.2.2]
	at org.springframework.security.web.header.HeaderWriterFilter.doFilterInternal(HeaderWriterFilter.java:75) ~[spring-security-web-6.2.2.jar:6.2.2]
	at org.springframework.web.filter.OncePerRequestFilter.doFilter(OncePerRequestFilter.java:116) ~[spring-web-6.1.4.jar:6.1.4]
	at org.springframework.security.web.FilterChainProxy$VirtualFilterChain.doFilter(FilterChainProxy.java:374) ~[spring-security-web-6.2.2.jar:6.2.2]
	at org.springframework.security.web.context.SecurityContextHolderFilter.doFilter(SecurityContextHolderFilter.java:82) ~[spring-security-web-6.2.2.jar:6.2.2]
	at org.springframework.security.web.context.SecurityContextHolderFilter.doFilter(SecurityContextHolderFilter.java:69) ~[spring-security-web-6.2.2.jar:6.2.2]
	at org.springframework.security.web.FilterChainProxy$VirtualFilterChain.doFilter(FilterChainProxy.java:374) ~[spring-security-web-6.2.2.jar:6.2.2]
	at org.springframework.security.web.context.request.async.WebAsyncManagerIntegrationFilter.doFilterInternal(WebAsyncManagerIntegrationFilter.java:62) ~[spring-security-web-6.2.2.jar:6.2.2]
	at org.springframework.web.filter.OncePerRequestFilter.doFilter(OncePerRequestFilter.java:116) ~[spring-web-6.1.4.jar:6.1.4]
	at org.springframework.security.web.FilterChainProxy$VirtualFilterChain.doFilter(FilterChainProxy.java:374) ~[spring-security-web-6.2.2.jar:6.2.2]
	at org.springframework.security.web.session.DisableEncodeUrlFilter.doFilterInternal(DisableEncodeUrlFilter.java:42) ~[spring-security-web-6.2.2.jar:6.2.2]
	at org.springframework.web.filter.OncePerRequestFilter.doFilter(OncePerRequestFilter.java:116) ~[spring-web-6.1.4.jar:6.1.4]
	at org.springframework.security.web.FilterChainProxy$VirtualFilterChain.doFilter(FilterChainProxy.java:374) ~[spring-security-web-6.2.2.jar:6.2.2]
	at org.springframework.security.web.FilterChainProxy.doFilterInternal(FilterChainProxy.java:233) ~[spring-security-web-6.2.2.jar:6.2.2]
	at org.springframework.security.web.FilterChainProxy.doFilter(FilterChainProxy.java:191) ~[spring-security-web-6.2.2.jar:6.2.2]
	at org.springframework.web.filter.CompositeFilter$VirtualFilterChain.doFilter(CompositeFilter.java:113) ~[spring-web-6.1.4.jar:6.1.4]
	at org.springframework.web.servlet.handler.HandlerMappingIntrospector.lambda$createCacheFilter$3(HandlerMappingIntrospector.java:195) ~[spring-webmvc-6.1.4.jar:6.1.4]
	at org.springframework.web.filter.CompositeFilter$VirtualFilterChain.doFilter(CompositeFilter.java:113) ~[spring-web-6.1.4.jar:6.1.4]
	at org.springframework.web.filter.CompositeFilter.doFilter(CompositeFilter.java:74) ~[spring-web-6.1.4.jar:6.1.4]
	at org.springframework.security.config.annotation.web.configuration.WebMvcSecurityConfiguration$CompositeFilterChainProxy.doFilter(WebMvcSecurityConfiguration.java:230) ~[spring-security-config-6.2.2.jar:6.2.2]
	at org.springframework.web.filter.DelegatingFilterProxy.invokeDelegate(DelegatingFilterProxy.java:352) ~[spring-web-6.1.4.jar:6.1.4]
	at org.springframework.web.filter.DelegatingFilterProxy.doFilter(DelegatingFilterProxy.java:268) ~[spring-web-6.1.4.jar:6.1.4]
	at org.apache.catalina.core.ApplicationFilterChain.internalDoFilter(ApplicationFilterChain.java:174) ~[tomcat-embed-core-10.1.19.jar:10.1.19]
	at org.apache.catalina.core.ApplicationFilterChain.doFilter(ApplicationFilterChain.java:149) ~[tomcat-embed-core-10.1.19.jar:10.1.19]
	at org.springframework.web.filter.RequestContextFilter.doFilterInternal(RequestContextFilter.java:100) ~[spring-web-6.1.4.jar:6.1.4]
	at org.springframework.web.filter.OncePerRequestFilter.doFilter(OncePerRequestFilter.java:116) ~[spring-web-6.1.4.jar:6.1.4]
	at org.apache.catalina.core.ApplicationFilterChain.internalDoFilter(ApplicationFilterChain.java:174) ~[tomcat-embed-core-10.1.19.jar:10.1.19]
	at org.apache.catalina.core.ApplicationFilterChain.doFilter(ApplicationFilterChain.java:149) ~[tomcat-embed-core-10.1.19.jar:10.1.19]
	at org.springframework.web.filter.FormContentFilter.doFilterInternal(FormContentFilter.java:93) ~[spring-web-6.1.4.jar:6.1.4]
	at org.springframework.web.filter.OncePerRequestFilter.doFilter(OncePerRequestFilter.java:116) ~[spring-web-6.1.4.jar:6.1.4]
	at org.apache.catalina.core.ApplicationFilterChain.internalDoFilter(ApplicationFilterChain.java:174) ~[tomcat-embed-core-10.1.19.jar:10.1.19]
	at org.apache.catalina.core.ApplicationFilterChain.doFilter(ApplicationFilterChain.java:149) ~[tomcat-embed-core-10.1.19.jar:10.1.19]
	at org.springframework.web.filter.CharacterEncodingFilter.doFilterInternal(CharacterEncodingFilter.java:201) ~[spring-web-6.1.4.jar:6.1.4]
	at org.springframework.web.filter.OncePerRequestFilter.doFilter(OncePerRequestFilter.java:116) ~[spring-web-6.1.4.jar:6.1.4]
	at org.apache.catalina.core.ApplicationFilterChain.internalDoFilter(ApplicationFilterChain.java:174) ~[tomcat-embed-core-10.1.19.jar:10.1.19]
	at org.apache.catalina.core.ApplicationFilterChain.doFilter(ApplicationFilterChain.java:149) ~[tomcat-embed-core-10.1.19.jar:10.1.19]
	at org.apache.catalina.core.StandardWrapperValve.invoke(StandardWrapperValve.java:167) ~[tomcat-embed-core-10.1.19.jar:10.1.19]
	at org.apache.catalina.core.StandardContextValve.invoke(StandardContextValve.java:90) ~[tomcat-embed-core-10.1.19.jar:10.1.19]
	at org.apache.catalina.authenticator.AuthenticatorBase.invoke(AuthenticatorBase.java:482) ~[tomcat-embed-core-10.1.19.jar:10.1.19]
	at org.apache.catalina.core.StandardHostValve.invoke(StandardHostValve.java:115) ~[tomcat-embed-core-10.1.19.jar:10.1.19]
	at org.apache.catalina.valves.ErrorReportValve.invoke(ErrorReportValve.java:93) ~[tomcat-embed-core-10.1.19.jar:10.1.19]
	at org.apache.catalina.core.StandardEngineValve.invoke(StandardEngineValve.java:74) ~[tomcat-embed-core-10.1.19.jar:10.1.19]
	at org.apache.catalina.connector.CoyoteAdapter.service(CoyoteAdapter.java:344) ~[tomcat-embed-core-10.1.19.jar:10.1.19]
	at org.apache.coyote.http11.Http11Processor.service(Http11Processor.java:391) ~[tomcat-embed-core-10.1.19.jar:10.1.19]
	at org.apache.coyote.AbstractProcessorLight.process(AbstractProcessorLight.java:63) ~[tomcat-embed-core-10.1.19.jar:10.1.19]
	at org.apache.coyote.AbstractProtocol$ConnectionHandler.process(AbstractProtocol.java:896) ~[tomcat-embed-core-10.1.19.jar:10.1.19]
	at org.apache.tomcat.util.net.NioEndpoint$SocketProcessor.doRun(NioEndpoint.java:1744) ~[tomcat-embed-core-10.1.19.jar:10.1.19]
	at org.apache.tomcat.util.net.SocketProcessorBase.run(SocketProcessorBase.java:52) ~[tomcat-embed-core-10.1.19.jar:10.1.19]
	at org.apache.tomcat.util.threads.ThreadPoolExecutor.runWorker(ThreadPoolExecutor.java:1191) ~[tomcat-embed-core-10.1.19.jar:10.1.19]
	at org.apache.tomcat.util.threads.ThreadPoolExecutor$Worker.run(ThreadPoolExecutor.java:659) ~[tomcat-embed-core-10.1.19.jar:10.1.19]
	at org.apache.tomcat.util.threads.TaskThread$WrappingRunnable.run(TaskThread.java:63) ~[tomcat-embed-core-10.1.19.jar:10.1.19]
	at java.base/java.lang.Thread.run(Thread.java:1583) ~[na:na]

2024-03-15T10:59:50.091+05:30  INFO 11680 --- [quizapp] [http-nio-8080-exec-5] c.Q.q.A.ExecutionTimeTrackerAdvice       : Method Execution Start
2024-03-15T10:59:50.190+05:30  INFO 11680 --- [quizapp] [http-nio-8080-exec-5] c.Q.q.A.ExecutionTimeTrackerAdvice       : Method Execution Completed
2024-03-15T10:59:50.191+05:30  INFO 11680 --- [quizapp] [http-nio-8080-exec-5] c.Q.q.A.ExecutionTimeTrackerAdvice       : ResponseEntity com.Quiz.quizapp.services.QuizService.createQuiz(String,int,String)
Method took time to execute ------>>>> 100 ms
2024-03-15T11:00:03.904+05:30  WARN 11680 --- [quizapp] [http-nio-8080-exec-6] .w.s.m.s.DefaultHandlerExceptionResolver : Resolved [org.springframework.web.HttpRequestMethodNotSupportedException: Request method 'POST' is not supported]
2024-03-15T11:00:10.458+05:30  INFO 11680 --- [quizapp] [http-nio-8080-exec-7] c.Q.q.A.ExecutionTimeTrackerAdvice       : Method Execution Start
2024-03-15T11:00:10.462+05:30  INFO 11680 --- [quizapp] [http-nio-8080-exec-7] c.Q.q.A.ExecutionTimeTrackerAdvice       : Method Execution Completed
2024-03-15T11:00:10.462+05:30  INFO 11680 --- [quizapp] [http-nio-8080-exec-7] c.Q.q.A.ExecutionTimeTrackerAdvice       : ResponseEntity com.Quiz.quizapp.services.QuizService.getQuizQuestionsAdmin(Integer)
Method took time to execute ------>>>> 4 ms
2024-03-15T11:00:20.272+05:30  INFO 11680 --- [quizapp] [SpringApplicationShutdownHook] j.LocalContainerEntityManagerFactoryBean : Closing JPA EntityManagerFactory for persistence unit 'default'
2024-03-15T11:00:20.275+05:30  INFO 11680 --- [quizapp] [SpringApplicationShutdownHook] com.zaxxer.hikari.HikariDataSource       : HikariPool-1 - Shutdown initiated...
2024-03-15T11:00:20.293+05:30  INFO 11680 --- [quizapp] [SpringApplicationShutdownHook] com.zaxxer.hikari.HikariDataSource       : HikariPool-1 - Shutdown completed.
2024-03-15T11:15:57.852+05:30  INFO 8100 --- [quizapp] [main] com.Quiz.quizapp.QuizappApplication      : Starting QuizappApplication using Java 21.0.2 with PID 8100 (C:\Users\CT-D-011\Desktop\quizapp\target\classes started by CT-D-011 in C:\Users\CT-D-011\Desktop\quizapp)
2024-03-15T11:15:57.856+05:30  INFO 8100 --- [quizapp] [main] com.Quiz.quizapp.QuizappApplication      : No active profile set, falling back to 1 default profile: "default"
2024-03-15T11:15:59.201+05:30  INFO 8100 --- [quizapp] [main] .s.d.r.c.RepositoryConfigurationDelegate : Bootstrapping Spring Data JPA repositories in DEFAULT mode.
2024-03-15T11:15:59.392+05:30  INFO 8100 --- [quizapp] [main] .s.d.r.c.RepositoryConfigurationDelegate : Finished Spring Data repository scanning in 174 ms. Found 3 JPA repository interfaces.
2024-03-15T11:16:00.958+05:30  INFO 8100 --- [quizapp] [main] o.s.b.w.embedded.tomcat.TomcatWebServer  : Tomcat initialized with port 8080 (http)
2024-03-15T11:16:00.982+05:30  INFO 8100 --- [quizapp] [main] o.apache.catalina.core.StandardService   : Starting service [Tomcat]
2024-03-15T11:16:00.982+05:30  INFO 8100 --- [quizapp] [main] o.apache.catalina.core.StandardEngine    : Starting Servlet engine: [Apache Tomcat/10.1.19]
2024-03-15T11:16:01.095+05:30  INFO 8100 --- [quizapp] [main] o.a.c.c.C.[Tomcat].[localhost].[/]       : Initializing Spring embedded WebApplicationContext
2024-03-15T11:16:01.096+05:30  INFO 8100 --- [quizapp] [main] w.s.c.ServletWebServerApplicationContext : Root WebApplicationContext: initialization completed in 3133 ms
2024-03-15T11:16:01.607+05:30  INFO 8100 --- [quizapp] [main] o.hibernate.jpa.internal.util.LogHelper  : HHH000204: Processing PersistenceUnitInfo [name: default]
2024-03-15T11:16:01.724+05:30  INFO 8100 --- [quizapp] [main] org.hibernate.Version                    : HHH000412: Hibernate ORM core version 6.4.4.Final
2024-03-15T11:16:01.786+05:30  INFO 8100 --- [quizapp] [main] o.h.c.internal.RegionFactoryInitiator    : HHH000026: Second-level cache disabled
2024-03-15T11:16:02.143+05:30  INFO 8100 --- [quizapp] [main] o.s.o.j.p.SpringPersistenceUnitInfo      : No LoadTimeWeaver setup: ignoring JPA class transformer
2024-03-15T11:16:02.194+05:30  INFO 8100 --- [quizapp] [main] com.zaxxer.hikari.HikariDataSource       : HikariPool-1 - Starting...
2024-03-15T11:16:02.663+05:30  INFO 8100 --- [quizapp] [main] com.zaxxer.hikari.pool.HikariPool        : HikariPool-1 - Added connection com.mysql.cj.jdbc.ConnectionImpl@779228dc
2024-03-15T11:16:02.666+05:30  INFO 8100 --- [quizapp] [main] com.zaxxer.hikari.HikariDataSource       : HikariPool-1 - Start completed.
2024-03-15T11:16:02.752+05:30  WARN 8100 --- [quizapp] [main] org.hibernate.orm.deprecation            : HHH90000025: MySQLDialect does not need to be specified explicitly using 'hibernate.dialect' (remove the property setting and it will be selected by default)
2024-03-15T11:16:04.303+05:30  INFO 8100 --- [quizapp] [main] o.h.e.t.j.p.i.JtaPlatformInitiator       : HHH000489: No JTA platform available (set 'hibernate.transaction.jta.platform' to enable JTA platform integration)
2024-03-15T11:16:04.430+05:30  INFO 8100 --- [quizapp] [main] j.LocalContainerEntityManagerFactoryBean : Initialized JPA EntityManagerFactory for persistence unit 'default'
2024-03-15T11:16:05.058+05:30  INFO 8100 --- [quizapp] [main] o.s.d.j.r.query.QueryEnhancerFactory     : Hibernate is in classpath; If applicable, HQL parser will be used.
2024-03-15T11:16:05.210+05:30  WARN 8100 --- [quizapp] [main] JpaBaseConfiguration$JpaWebConfiguration : spring.jpa.open-in-view is enabled by default. Therefore, database queries may be performed during view rendering. Explicitly configure spring.jpa.open-in-view to disable this warning
2024-03-15T11:16:05.644+05:30  INFO 8100 --- [quizapp] [main] o.s.s.web.DefaultSecurityFilterChain     : Will secure any request with [org.springframework.security.web.session.DisableEncodeUrlFilter@1a916120, org.springframework.security.web.context.request.async.WebAsyncManagerIntegrationFilter@2d732cda, org.springframework.security.web.context.SecurityContextHolderFilter@2eed6331, org.springframework.security.web.header.HeaderWriterFilter@2ec258f1, org.springframework.web.filter.CorsFilter@755fdfad, org.springframework.security.web.authentication.logout.LogoutFilter@3791160a, org.springframework.security.web.authentication.www.BasicAuthenticationFilter@4e22dadb, org.springframework.security.web.savedrequest.RequestCacheAwareFilter@88e85a, org.springframework.security.web.servletapi.SecurityContextHolderAwareRequestFilter@230dd372, org.springframework.security.web.authentication.AnonymousAuthenticationFilter@3c98eaa9, org.springframework.security.web.access.ExceptionTranslationFilter@6b7ebac1, org.springframework.security.web.access.intercept.AuthorizationFilter@1e186006]
2024-03-15T11:16:06.035+05:30  INFO 8100 --- [quizapp] [main] o.s.b.w.embedded.tomcat.TomcatWebServer  : Tomcat started on port 8080 (http) with context path ''
2024-03-15T11:16:06.047+05:30  INFO 8100 --- [quizapp] [main] com.Quiz.quizapp.QuizappApplication      : Started QuizappApplication in 8.938 seconds (process running for 9.633)
2024-03-15T11:16:14.028+05:30  INFO 8100 --- [quizapp] [http-nio-8080-exec-1] o.a.c.c.C.[Tomcat].[localhost].[/]       : Initializing Spring DispatcherServlet 'dispatcherServlet'
2024-03-15T11:16:14.029+05:30  INFO 8100 --- [quizapp] [http-nio-8080-exec-1] o.s.web.servlet.DispatcherServlet        : Initializing Servlet 'dispatcherServlet'
2024-03-15T11:16:14.031+05:30  INFO 8100 --- [quizapp] [http-nio-8080-exec-1] o.s.web.servlet.DispatcherServlet        : Completed initialization in 2 ms
2024-03-15T11:16:34.319+05:30  INFO 8100 --- [quizapp] [SpringApplicationShutdownHook] j.LocalContainerEntityManagerFactoryBean : Closing JPA EntityManagerFactory for persistence unit 'default'
2024-03-15T11:16:34.322+05:30  INFO 8100 --- [quizapp] [SpringApplicationShutdownHook] com.zaxxer.hikari.HikariDataSource       : HikariPool-1 - Shutdown initiated...
2024-03-15T11:16:34.358+05:30  INFO 8100 --- [quizapp] [SpringApplicationShutdownHook] com.zaxxer.hikari.HikariDataSource       : HikariPool-1 - Shutdown completed.
2024-03-15T15:13:00.083+05:30  INFO 3520 --- [quizapp] [main] com.Quiz.quizapp.QuizappApplication      : Starting QuizappApplication using Java 21.0.2 with PID 3520 (C:\Users\CT-D-011\Desktop\quizapp\target\classes started by CT-D-011 in C:\Users\CT-D-011\Desktop\quizapp)
2024-03-15T15:13:00.086+05:30  INFO 3520 --- [quizapp] [main] com.Quiz.quizapp.QuizappApplication      : No active profile set, falling back to 1 default profile: "default"
2024-03-15T15:13:02.831+05:30  INFO 3520 --- [quizapp] [main] .s.d.r.c.RepositoryConfigurationDelegate : Bootstrapping Spring Data JPA repositories in DEFAULT mode.
2024-03-15T15:13:03.092+05:30  INFO 3520 --- [quizapp] [main] .s.d.r.c.RepositoryConfigurationDelegate : Finished Spring Data repository scanning in 200 ms. Found 3 JPA repository interfaces.
2024-03-15T15:13:04.544+05:30  INFO 3520 --- [quizapp] [main] o.s.b.w.embedded.tomcat.TomcatWebServer  : Tomcat initialized with port 8080 (http)
2024-03-15T15:13:04.566+05:30  INFO 3520 --- [quizapp] [main] o.apache.catalina.core.StandardService   : Starting service [Tomcat]
2024-03-15T15:13:04.566+05:30  INFO 3520 --- [quizapp] [main] o.apache.catalina.core.StandardEngine    : Starting Servlet engine: [Apache Tomcat/10.1.19]
2024-03-15T15:13:04.677+05:30  INFO 3520 --- [quizapp] [main] o.a.c.c.C.[Tomcat].[localhost].[/]       : Initializing Spring embedded WebApplicationContext
2024-03-15T15:13:04.678+05:30  INFO 3520 --- [quizapp] [main] w.s.c.ServletWebServerApplicationContext : Root WebApplicationContext: initialization completed in 4425 ms
2024-03-15T15:13:05.411+05:30  INFO 3520 --- [quizapp] [main] o.hibernate.jpa.internal.util.LogHelper  : HHH000204: Processing PersistenceUnitInfo [name: default]
2024-03-15T15:13:05.541+05:30  INFO 3520 --- [quizapp] [main] org.hibernate.Version                    : HHH000412: Hibernate ORM core version 6.4.4.Final
2024-03-15T15:13:05.631+05:30  INFO 3520 --- [quizapp] [main] o.h.c.internal.RegionFactoryInitiator    : HHH000026: Second-level cache disabled
2024-03-15T15:13:06.254+05:30  INFO 3520 --- [quizapp] [main] o.s.o.j.p.SpringPersistenceUnitInfo      : No LoadTimeWeaver setup: ignoring JPA class transformer
2024-03-15T15:13:06.314+05:30  INFO 3520 --- [quizapp] [main] com.zaxxer.hikari.HikariDataSource       : HikariPool-1 - Starting...
2024-03-15T15:13:06.893+05:30  INFO 3520 --- [quizapp] [main] com.zaxxer.hikari.pool.HikariPool        : HikariPool-1 - Added connection com.mysql.cj.jdbc.ConnectionImpl@3355168
2024-03-15T15:13:06.899+05:30  INFO 3520 --- [quizapp] [main] com.zaxxer.hikari.HikariDataSource       : HikariPool-1 - Start completed.
2024-03-15T15:13:06.989+05:30  WARN 3520 --- [quizapp] [main] org.hibernate.orm.deprecation            : HHH90000025: MySQLDialect does not need to be specified explicitly using 'hibernate.dialect' (remove the property setting and it will be selected by default)
2024-03-15T15:13:08.396+05:30  INFO 3520 --- [quizapp] [main] o.h.e.t.j.p.i.JtaPlatformInitiator       : HHH000489: No JTA platform available (set 'hibernate.transaction.jta.platform' to enable JTA platform integration)
2024-03-15T15:13:08.537+05:30  INFO 3520 --- [quizapp] [main] j.LocalContainerEntityManagerFactoryBean : Initialized JPA EntityManagerFactory for persistence unit 'default'
2024-03-15T15:13:09.238+05:30  INFO 3520 --- [quizapp] [main] o.s.d.j.r.query.QueryEnhancerFactory     : Hibernate is in classpath; If applicable, HQL parser will be used.
2024-03-15T15:13:09.430+05:30  WARN 3520 --- [quizapp] [main] JpaBaseConfiguration$JpaWebConfiguration : spring.jpa.open-in-view is enabled by default. Therefore, database queries may be performed during view rendering. Explicitly configure spring.jpa.open-in-view to disable this warning
2024-03-15T15:13:10.159+05:30  INFO 3520 --- [quizapp] [main] o.s.s.web.DefaultSecurityFilterChain     : Will secure any request with [org.springframework.security.web.session.DisableEncodeUrlFilter@7fd3c38b, org.springframework.security.web.context.request.async.WebAsyncManagerIntegrationFilter@27260f9c, org.springframework.security.web.context.SecurityContextHolderFilter@55a2ca5e, org.springframework.security.web.header.HeaderWriterFilter@3791160a, org.springframework.web.filter.CorsFilter@25031fd4, org.springframework.security.web.authentication.logout.LogoutFilter@fe38d1e, org.springframework.security.web.authentication.www.BasicAuthenticationFilter@58fb5b8f, org.springframework.security.web.savedrequest.RequestCacheAwareFilter@12bb8943, org.springframework.security.web.servletapi.SecurityContextHolderAwareRequestFilter@45f4c27c, org.springframework.security.web.authentication.AnonymousAuthenticationFilter@54faa040, org.springframework.security.web.access.ExceptionTranslationFilter@75bbe39d, org.springframework.security.web.access.intercept.AuthorizationFilter@7fb2645b]
2024-03-15T15:13:10.616+05:30  INFO 3520 --- [quizapp] [main] o.s.b.w.embedded.tomcat.TomcatWebServer  : Tomcat started on port 8080 (http) with context path ''
2024-03-15T15:13:10.629+05:30  INFO 3520 --- [quizapp] [main] com.Quiz.quizapp.QuizappApplication      : Started QuizappApplication in 11.314 seconds (process running for 12.018)
2024-03-15T15:13:31.233+05:30  INFO 3520 --- [quizapp] [http-nio-8080-exec-2] o.a.c.c.C.[Tomcat].[localhost].[/]       : Initializing Spring DispatcherServlet 'dispatcherServlet'
2024-03-15T15:13:31.233+05:30  INFO 3520 --- [quizapp] [http-nio-8080-exec-2] o.s.web.servlet.DispatcherServlet        : Initializing Servlet 'dispatcherServlet'
2024-03-15T15:13:31.235+05:30  INFO 3520 --- [quizapp] [http-nio-8080-exec-2] o.s.web.servlet.DispatcherServlet        : Completed initialization in 1 ms
2024-03-15T15:17:14.484+05:30  INFO 3520 --- [quizapp] [http-nio-8080-exec-5] c.Q.q.A.ExecutionTimeTrackerAdvice       : Method Execution Start
2024-03-15T15:17:14.513+05:30  INFO 3520 --- [quizapp] [http-nio-8080-exec-5] c.Q.q.A.ExecutionTimeTrackerAdvice       : Method Execution Completed
2024-03-15T15:17:14.516+05:30  INFO 3520 --- [quizapp] [http-nio-8080-exec-5] c.Q.q.A.ExecutionTimeTrackerAdvice       : ResponseEntity com.Quiz.quizapp.services.QuestionService.getAllQuestions()
Method took time to execute ------>>>> 29 ms
2024-03-15T15:18:20.778+05:30  INFO 3520 --- [quizapp] [SpringApplicationShutdownHook] j.LocalContainerEntityManagerFactoryBean : Closing JPA EntityManagerFactory for persistence unit 'default'
2024-03-15T15:18:20.781+05:30  INFO 3520 --- [quizapp] [SpringApplicationShutdownHook] com.zaxxer.hikari.HikariDataSource       : HikariPool-1 - Shutdown initiated...
2024-03-15T15:18:20.801+05:30  INFO 3520 --- [quizapp] [SpringApplicationShutdownHook] com.zaxxer.hikari.HikariDataSource       : HikariPool-1 - Shutdown completed.
